============================= test session starts =============================
platform win32 -- Python 3.14.2, pytest-9.1.1, pluggy-1.6.0 -- C:\Users\ak232\Documents\SIH_26141\quantum-threat-detection\.venv\Scripts\python.exe
cachedir: .pytest_cache
rootdir: C:\Users\ak232\Documents\SIH_26141\quantum-threat-detection
configfile: pyproject.toml
plugins: cov-7.1.0
collecting ... collected 119 items

tests/attacks/test_channel_manipulation.py::TestChannelInterface::test_is_base_attack PASSED [  0%]
tests/attacks/test_channel_manipulation.py::TestChannelInterface::test_has_name PASSED [  1%]
tests/attacks/test_channel_manipulation.py::TestChannelInterface::test_invalid_mode_raises PASSED [  2%]
tests/attacks/test_channel_manipulation.py::TestChannelNoMutation::test_original_statevectors_unchanged PASSED [  3%]
tests/attacks/test_channel_manipulation.py::TestChannelDeterminism::test_deterministic_with_same_seed PASSED [  4%]
tests/attacks/test_channel_manipulation.py::TestChannelIntensity::test_intensity_valid_output[0.0] PASSED [  5%]
tests/attacks/test_channel_manipulation.py::TestChannelIntensity::test_intensity_valid_output[0.1] PASSED [  5%]
tests/attacks/test_channel_manipulation.py::TestChannelIntensity::test_intensity_valid_output[0.25] PASSED [  6%]
tests/attacks/test_channel_manipulation.py::TestChannelIntensity::test_intensity_valid_output[0.5] PASSED [  7%]
tests/attacks/test_channel_manipulation.py::TestChannelIntensity::test_intensity_valid_output[0.75] PASSED [  8%]
tests/attacks/test_channel_manipulation.py::TestChannelIntensity::test_intensity_valid_output[1.0] PASSED [  9%]
tests/attacks/test_channel_manipulation.py::TestChannelIntensity::test_intensity_zero_no_change PASSED [ 10%]
tests/attacks/test_channel_manipulation.py::TestChannelQuantumValidity::test_statevectors_normalized[depolarizing] PASSED [ 10%]
tests/attacks/test_channel_manipulation.py::TestChannelQuantumValidity::test_statevectors_normalized[dephasing] PASSED [ 11%]
tests/attacks/test_channel_manipulation.py::TestChannelQuantumValidity::test_statevectors_normalized[both] PASSED [ 12%]
tests/attacks/test_channel_manipulation.py::TestChannelQuantumValidity::test_no_nan_inf_in_statevectors[depolarizing] PASSED [ 13%]
tests/attacks/test_channel_manipulation.py::TestChannelQuantumValidity::test_no_nan_inf_in_statevectors[dephasing] PASSED [ 14%]
tests/attacks/test_channel_manipulation.py::TestChannelQuantumValidity::test_no_nan_inf_in_statevectors[both] PASSED [ 15%]
tests/attacks/test_channel_manipulation.py::TestChannelQuantumValidity::test_disturbed_positions_recorded[depolarizing] PASSED [ 15%]
tests/attacks/test_channel_manipulation.py::TestChannelQuantumValidity::test_disturbed_positions_recorded[dephasing] PASSED [ 16%]
tests/attacks/test_channel_manipulation.py::TestChannelQuantumValidity::test_disturbed_positions_recorded[both] PASSED [ 17%]
tests/attacks/test_channel_manipulation.py::TestChannelQuantumValidity::test_evidence_contains_channel_disturbance PASSED [ 18%]
tests/attacks/test_channel_manipulation.py::TestChannelPhase4::test_detector_receives_channel_manipulation PASSED [ 19%]
tests/attacks/test_channel_manipulation.py::TestChannelPhase4::test_no_nan_inf_at_various_intensities[0.0] PASSED [ 20%]
tests/attacks/test_channel_manipulation.py::TestChannelPhase4::test_no_nan_inf_at_various_intensities[0.25] PASSED [ 21%]
tests/attacks/test_channel_manipulation.py::TestChannelPhase4::test_no_nan_inf_at_various_intensities[0.5] PASSED [ 21%]
tests/attacks/test_channel_manipulation.py::TestChannelPhase4::test_no_nan_inf_at_various_intensities[0.75] PASSED [ 22%]
tests/attacks/test_channel_manipulation.py::TestChannelPhase4::test_no_nan_inf_at_various_intensities[1.0] PASSED [ 23%]
tests/attacks/test_forgery.py::TestForgeryAttackInterface::test_is_base_attack PASSED [ 24%]
tests/attacks/test_forgery.py::TestForgeryAttackInterface::test_has_name PASSED [ 25%]
tests/attacks/test_forgery.py::TestForgeryAttackInterface::test_has_seed PASSED [ 26%]
tests/attacks/test_forgery.py::TestForgeryNoMutation::test_original_statevectors_unchanged PASSED [ 26%]
tests/attacks/test_forgery.py::TestForgeryNoMutation::test_original_metadata_unchanged PASSED [ 27%]
tests/attacks/test_forgery.py::TestForgeryDeterminism::test_deterministic_with_same_seed PASSED [ 28%]
tests/attacks/test_forgery.py::TestForgeryDeterminism::test_different_seed_different_result PASSED [ 29%]
tests/attacks/test_forgery.py::TestForgeryIntensity::test_intensity_valid_output[0.0] PASSED [ 30%]
tests/attacks/test_forgery.py::TestForgeryIntensity::test_intensity_valid_output[0.1] PASSED [ 31%]
tests/attacks/test_forgery.py::TestForgeryIntensity::test_intensity_valid_output[0.25] PASSED [ 31%]
tests/attacks/test_forgery.py::TestForgeryIntensity::test_intensity_valid_output[0.5] PASSED [ 32%]
tests/attacks/test_forgery.py::TestForgeryIntensity::test_intensity_valid_output[0.75] PASSED [ 33%]
tests/attacks/test_forgery.py::TestForgeryIntensity::test_intensity_valid_output[1.0] PASSED [ 34%]
tests/attacks/test_forgery.py::TestForgeryIntensity::test_intensity_zero_no_change PASSED [ 35%]
tests/attacks/test_forgery.py::TestForgeryIntensity::test_intensity_one_changes_elements PASSED [ 36%]
tests/attacks/test_forgery.py::TestForgeryIntensity::test_invalid_intensity_raises PASSED [ 36%]
tests/attacks/test_forgery.py::TestForgerySignatureElements::test_forged_positions_recorded PASSED [ 37%]
tests/attacks/test_forgery.py::TestForgerySignatureElements::test_evidence_explains_forgery PASSED [ 38%]
tests/attacks/test_forgery.py::TestForgeryPhase4Integration::test_detector_receives_forgery PASSED [ 39%]
tests/attacks/test_forgery.py::TestForgeryPhase4Integration::test_no_nan_inf_at_various_intensities PASSED [ 40%]
tests/attacks/test_impersonation.py::TestImpersonationInterface::test_is_base_attack PASSED [ 41%]
tests/attacks/test_impersonation.py::TestImpersonationInterface::test_has_name PASSED [ 42%]
tests/attacks/test_impersonation.py::TestImpersonationNoMutation::test_original_statevectors_unchanged PASSED [ 42%]
tests/attacks/test_impersonation.py::TestImpersonationNoMutation::test_original_metadata_unchanged PASSED [ 43%]
tests/attacks/test_impersonation.py::TestImpersonationDeterminism::test_deterministic_with_same_seed PASSED [ 44%]
tests/attacks/test_impersonation.py::TestImpersonationIntensity::test_intensity_valid_output[0.0] PASSED [ 45%]
tests/attacks/test_impersonation.py::TestImpersonationIntensity::test_intensity_valid_output[0.1] PASSED [ 46%]
tests/attacks/test_impersonation.py::TestImpersonationIntensity::test_intensity_valid_output[0.25] PASSED [ 47%]
tests/attacks/test_impersonation.py::TestImpersonationIntensity::test_intensity_valid_output[0.5] PASSED [ 47%]
tests/attacks/test_impersonation.py::TestImpersonationIntensity::test_intensity_valid_output[0.75] PASSED [ 48%]
tests/attacks/test_impersonation.py::TestImpersonationIntensity::test_intensity_valid_output[1.0] PASSED [ 49%]
tests/attacks/test_impersonation.py::TestImpersonationIntensity::test_intensity_zero_no_change PASSED [ 50%]
tests/attacks/test_impersonation.py::TestImpersonationIdentity::test_signer_id_changed PASSED [ 51%]
tests/attacks/test_impersonation.py::TestImpersonationIdentity::test_evidence_has_identity_mismatch PASSED [ 52%]
tests/attacks/test_impersonation.py::TestImpersonationIdentity::test_impersonator_id_in_indicators PASSED [ 52%]
tests/attacks/test_impersonation.py::TestImpersonationPhase4::test_detector_receives_impersonation PASSED [ 53%]
tests/attacks/test_impersonation.py::TestImpersonationPhase4::test_no_nan_inf[0.0] PASSED [ 54%]
tests/attacks/test_impersonation.py::TestImpersonationPhase4::test_no_nan_inf[0.25] PASSED [ 55%]
tests/attacks/test_impersonation.py::TestImpersonationPhase4::test_no_nan_inf[0.5] PASSED [ 56%]
tests/attacks/test_impersonation.py::TestImpersonationPhase4::test_no_nan_inf[0.75] PASSED [ 57%]
tests/attacks/test_impersonation.py::TestImpersonationPhase4::test_no_nan_inf[1.0] PASSED [ 57%]
tests/attacks/test_replay.py::TestReplayInterface::test_is_base_attack PASSED [ 58%]
tests/attacks/test_replay.py::TestReplayInterface::test_has_name PASSED  [ 59%]
tests/attacks/test_replay.py::TestReplayNoMutation::test_original_statevectors_unchanged PASSED [ 60%]
tests/attacks/test_replay.py::TestReplayNoMutation::test_original_metadata_unchanged PASSED [ 61%]
tests/attacks/test_replay.py::TestReplayDeterminism::test_deterministic_with_same_seed PASSED [ 62%]
tests/attacks/test_replay.py::TestReplayIntensity::test_intensity_valid_output[0.0] PASSED [ 63%]
tests/attacks/test_replay.py::TestReplayIntensity::test_intensity_valid_output[0.1] PASSED [ 63%]
tests/attacks/test_replay.py::TestReplayIntensity::test_intensity_valid_output[0.25] PASSED [ 64%]
tests/attacks/test_replay.py::TestReplayIntensity::test_intensity_valid_output[0.5] PASSED [ 65%]
tests/attacks/test_replay.py::TestReplayIntensity::test_intensity_valid_output[0.75] PASSED [ 66%]
tests/attacks/test_replay.py::TestReplayIntensity::test_intensity_valid_output[1.0] PASSED [ 67%]
tests/attacks/test_replay.py::TestReplayIntensity::test_intensity_zero_no_change PASSED [ 68%]
tests/attacks/test_replay.py::TestReplaySessionConsistency::test_replayed_session_fails_check PASSED [ 68%]
tests/attacks/test_replay.py::TestReplaySessionConsistency::test_legitimate_session_passes_check PASSED [ 69%]
tests/attacks/test_replay.py::TestReplaySessionConsistency::test_session_id_mismatch_detected PASSED [ 70%]
tests/attacks/test_replay.py::TestReplaySessionConsistency::test_sequence_mismatch_detected PASSED [ 71%]
tests/attacks/test_replay.py::TestReplaySessionConsistency::test_timestamp_staleness_detected PASSED [ 72%]
tests/attacks/test_replay.py::TestReplaySessionConsistency::test_evidence_contains_replay_reason PASSED [ 73%]
tests/attacks/test_replay.py::TestReplayPhase4::test_detector_processes_replay PASSED [ 73%]
tests/attacks/test_runner.py::TestRunnerLegitimate::test_legitimate_session PASSED [ 74%]
tests/attacks/test_runner.py::TestRunnerAttacks::test_forgery_attack PASSED [ 75%]
tests/attacks/test_runner.py::TestRunnerAttacks::test_impersonation_attack PASSED [ 76%]
tests/attacks/test_runner.py::TestRunnerAttacks::test_replay_attack PASSED [ 77%]
tests/attacks/test_runner.py::TestRunnerAttacks::test_unauthorized_attack PASSED [ 78%]
tests/attacks/test_runner.py::TestRunnerAttacks::test_channel_manipulation_attack PASSED [ 78%]
tests/attacks/test_runner.py::TestRunnerAllScenarios::test_all_scenarios_run PASSED [ 79%]
tests/attacks/test_runner.py::TestRunnerNumericalValidity::test_no_nan_inf_forgery[0.0] PASSED [ 80%]
tests/attacks/test_runner.py::TestRunnerNumericalValidity::test_no_nan_inf_forgery[0.5] PASSED [ 81%]
tests/attacks/test_runner.py::TestRunnerNumericalValidity::test_no_nan_inf_forgery[1.0] PASSED [ 82%]
tests/attacks/test_runner.py::TestRunnerNumericalValidity::test_no_nan_inf_channel[0.0] PASSED [ 83%]
tests/attacks/test_runner.py::TestRunnerNumericalValidity::test_no_nan_inf_channel[0.5] PASSED [ 84%]
tests/attacks/test_runner.py::TestRunnerNumericalValidity::test_no_nan_inf_channel[1.0] PASSED [ 84%]
tests/attacks/test_unauthorized_verification.py::TestUnauthorizedInterface::test_is_base_attack PASSED [ 85%]
tests/attacks/test_unauthorized_verification.py::TestUnauthorizedInterface::test_has_name PASSED [ 86%]
tests/attacks/test_unauthorized_verification.py::TestUnauthorizedNoMutation::test_original_statevectors_unchanged PASSED [ 87%]
tests/attacks/test_unauthorized_verification.py::TestUnauthorizedNoMutation::test_original_metadata_unchanged PASSED [ 88%]
tests/attacks/test_unauthorized_verification.py::TestUnauthorizedDeterminism::test_deterministic_with_same_seed PASSED [ 89%]
tests/attacks/test_unauthorized_verification.py::TestUnauthorizedIntensity::test_intensity_valid_output[0.0] PASSED [ 89%]
tests/attacks/test_unauthorized_verification.py::TestUnauthorizedIntensity::test_intensity_valid_output[0.1] PASSED [ 90%]
tests/attacks/test_unauthorized_verification.py::TestUnauthorizedIntensity::test_intensity_valid_output[0.25] PASSED [ 91%]
tests/attacks/test_unauthorized_verification.py::TestUnauthorizedIntensity::test_intensity_valid_output[0.5] PASSED [ 92%]
tests/attacks/test_unauthorized_verification.py::TestUnauthorizedIntensity::test_intensity_valid_output[0.75] PASSED [ 93%]
tests/attacks/test_unauthorized_verification.py::TestUnauthorizedIntensity::test_intensity_valid_output[1.0] PASSED [ 94%]
tests/attacks/test_unauthorized_verification.py::TestUnauthorizedIntensity::test_intensity_zero_authorized PASSED [ 94%]
tests/attacks/test_unauthorized_verification.py::TestUnauthorizedRejection::test_unauthorized_is_rejected PASSED [ 95%]
tests/attacks/test_unauthorized_verification.py::TestUnauthorizedRejection::test_evidence_has_authorization_failure PASSED [ 96%]
tests/attacks/test_unauthorized_verification.py::TestCheckAuthorization::test_authorized_verifier PASSED [ 97%]
tests/attacks/test_unauthorized_verification.py::TestCheckAuthorization::test_unauthorized_verifier_wrong_id PASSED [ 98%]
tests/attacks/test_unauthorized_verification.py::TestCheckAuthorization::test_unauthorized_revoked_flag PASSED [ 99%]
tests/attacks/test_unauthorized_verification.py::TestCheckAuthorization::test_custom_authorized_list PASSED [100%]

============================= 119 passed in 1.00s =============================
